b0RemoteApi.obj : error LNK2019: unresolved external symbol __imp__b0_init referenced in function "public: __thiscall b0RemoteApi::b0RemoteApi(char const *,char const *,int,bool,int)" (??0b0RemoteApi@@QAE@PBD0H_NH@Z)
b0RemoteApi.obj : error LNK2019: unresolved external symbol __imp__b0_buffer_delete referenced in function "protected: class std::vector<struct msgpack::v2::object,class std::allocator<struct msgpack::v2::object> > * __thiscall b0RemoteApi::_handleFunction(char const *,class std::basic_string<char,struct std::char_traits<char>,class std::allocator<char> > const &,char const *)" (?_handleFunction@b0RemoteApi@@IAEPAV?$vector@Uobject@v2@msgpack@@V?$allocator@Uobject@v2@msgpack@@@std@@@std@@PBDABV?$basic_string@DU?$char_traits@D@std@@V?$allocator@D@2@@3@0@Z)
b0RemoteApi.obj : error LNK2019: unresolved external symbol __imp__b0_node_new referenced in function "public: __thiscall b0RemoteApi::b0RemoteApi(char const *,char const *,int,bool,int)" (??0b0RemoteApi@@QAE@PBD0H_NH@Z)
b0RemoteApi.obj : error LNK2019: unresolved external symbol __imp__b0_node_delete referenced in function "public: virtual __thiscall b0RemoteApi::~b0RemoteApi(void)" (??1b0RemoteApi@@UAE@XZ)
b0RemoteApi.obj : error LNK2019: unresolved external symbol __imp__b0_node_init referenced in function "public: __thiscall b0RemoteApi::b0RemoteApi(char const *,char const *,int,bool,int)" (??0b0RemoteApi@@QAE@PBD0H_NH@Z)
b0RemoteApi.obj : error LNK2019: unresolved external symbol __imp__b0_node_cleanup referenced in function "public: virtual __thiscall b0RemoteApi::~b0RemoteApi(void)" (??1b0RemoteApi@@UAE@XZ)
b0RemoteApi.obj : error LNK2019: unresolved external symbol __imp__b0_node_hardware_time_usec referenced in function "public: __thiscall b0RemoteApi::b0RemoteApi(char const *,char const *,int,bool,int)" (??0b0RemoteApi@@QAE@PBD0H_NH@Z)
b0RemoteApi.obj : error LNK2019: unresolved external symbol __imp__b0_publisher_new_ex referenced in function "public: char const * __thiscall b0RemoteApi::simxCreatePublisher(bool)" (?simxCreatePublisher@b0RemoteApi@@QAEPBD_N@Z)
b0RemoteApi.obj : error LNK2019: unresolved external symbol __imp__b0_publisher_new referenced in function "public: __thiscall b0RemoteApi::b0RemoteApi(char const *,char const *,int,bool,int)" (??0b0RemoteApi@@QAE@PBD0H_NH@Z)
b0RemoteApi.obj : error LNK2019: unresolved external symbol __imp__b0_publisher_delete referenced in function "public: virtual __thiscall b0RemoteApi::~b0RemoteApi(void)" (??1b0RemoteApi@@UAE@XZ)
b0RemoteApi.obj : error LNK2019: unresolved external symbol __imp__b0_publisher_init referenced in function "public: char const * __thiscall b0RemoteApi::simxCreatePublisher(bool)" (?simxCreatePublisher@b0RemoteApi@@QAEPBD_N@Z)
b0RemoteApi.obj : error LNK2019: unresolved external symbol __imp__b0_publisher_cleanup referenced in function "public: virtual __thiscall b0RemoteApi::~b0RemoteApi(void)" (??1b0RemoteApi@@UAE@XZ)
b0RemoteApi.obj : error LNK2019: unresolved external symbol __imp__b0_publisher_publish referenced in function "protected: class std::vector<struct msgpack::v2::object,class std::allocator<struct msgpack::v2::object> > * __thiscall b0RemoteApi::_handleFunction(char const *,class std::basic_string<char,struct std::char_traits<char>,class std::allocator<char> > const &,char const *)" (?_handleFunction@b0RemoteApi@@IAEPAV?$vector@Uobject@v2@msgpack@@V?$allocator@Uobject@v2@msgpack@@@std@@@std@@PBDABV?$basic_string@DU?$char_traits@D@std@@V?$allocator@D@2@@3@0@Z)
b0RemoteApi.obj : error LNK2019: unresolved external symbol __imp__b0_subscriber_new_ex referenced in function "public: char const * __thiscall b0RemoteApi::simxCreateSubscriber(class boost::function<void __cdecl(class std::vector<struct msgpack::v2::object,class std::allocator<struct msgpack::v2::object> > *)>,int,bool)" (?simxCreateSubscriber@b0RemoteApi@@QAEPBDV?$function@$$A6AXPAV?$vector@Uobject@v2@msgpack@@V?$allocator@Uobject@v2@msgpack@@@std@@@std@@@Z@boost@@H_N@Z)
b0RemoteApi.obj : error LNK2019: unresolved external symbol __imp__b0_subscriber_new referenced in function "public: __thiscall b0RemoteApi::b0RemoteApi(char const *,char const *,int,bool,int)" (??0b0RemoteApi@@QAE@PBD0H_NH@Z)
b0RemoteApi.obj : error LNK2019: unresolved external symbol __imp__b0_subscriber_delete referenced in function "public: virtual __thiscall b0RemoteApi::~b0RemoteApi(void)" (??1b0RemoteApi@@UAE@XZ)
b0RemoteApi.obj : error LNK2019: unresolved external symbol __imp__b0_subscriber_init referenced in function "public: char const * __thiscall b0RemoteApi::simxCreateSubscriber(class boost::function<void __cdecl(class std::vector<struct msgpack::v2::object,class std::allocator<struct msgpack::v2::object> > *)>,int,bool)" (?simxCreateSubscriber@b0RemoteApi@@QAEPBDV?$function@$$A6AXPAV?$vector@Uobject@v2@msgpack@@V?$allocator@Uobject@v2@msgpack@@@std@@@std@@@Z@boost@@H_N@Z)
b0RemoteApi.obj : error LNK2019: unresolved external symbol __imp__b0_subscriber_cleanup referenced in function "public: virtual __thiscall b0RemoteApi::~b0RemoteApi(void)" (??1b0RemoteApi@@UAE@XZ)
b0RemoteApi.obj : error LNK2019: unresolved external symbol __imp__b0_subscriber_poll referenced in function "public: void __thiscall b0RemoteApi::simxSpinOnce(void)" (?simxSpinOnce@b0RemoteApi@@QAEXXZ)
b0RemoteApi.obj : error LNK2019: unresolved external symbol __imp__b0_subscriber_read referenced in function "public: void __thiscall b0RemoteApi::simxSpinOnce(void)" (?simxSpinOnce@b0RemoteApi@@QAEXXZ)
b0RemoteApi.obj : error LNK2019: unresolved external symbol __imp__b0_subscriber_set_option referenced in function "public: char const * __thiscall b0RemoteApi::simxCreateSubscriber(class boost::function<void __cdecl(class std::vector<struct msgpack::v2::object,class std::allocator<struct msgpack::v2::object> > *)>,int,bool)" (?simxCreateSubscriber@b0RemoteApi@@QAEPBDV?$function@$$A6AXPAV?$vector@Uobject@v2@msgpack@@V?$allocator@Uobject@v2@msgpack@@@std@@@std@@@Z@boost@@H_N@Z)
b0RemoteApi.obj : error LNK2019: unresolved external symbol __imp__b0_service_client_new referenced in function "public: __thiscall b0RemoteApi::b0RemoteApi(char const *,char const *,int,bool,int)" (??0b0RemoteApi@@QAE@PBD0H_NH@Z)
b0RemoteApi.obj : error LNK2019: unresolved external symbol __imp__b0_service_client_delete referenced in function "public: virtual __thiscall b0RemoteApi::~b0RemoteApi(void)" (??1b0RemoteApi@@UAE@XZ)
b0RemoteApi.obj : error LNK2019: unresolved external symbol __imp__b0_service_client_call referenced in function "protected: class std::vector<struct msgpack::v2::object,class std::allocator<struct msgpack::v2::object> > * __thiscall b0RemoteApi::_handleFunction(char const *,class std::basic_string<char,struct std::char_traits<char>,class std::allocator<char> > const &,char const *)" (?_handleFunction@b0RemoteApi@@IAEPAV?$vector@Uobject@v2@msgpack@@V?$allocator@Uobject@v2@msgpack@@@std@@@std@@PBDABV?$basic_string@DU?$char_traits@D@std@@V?$allocator@D@2@@3@0@Z)
b0RemoteApi.obj : error LNK2019: unresolved external symbol __imp__b0_service_client_set_option referenced in function "public: __thiscall b0RemoteApi::b0RemoteApi(char const *,char const *,int,bool,int)" (??0b0RemoteApi@@QAE@PBD0H_NH@Z)
C:\Program Files\CoppeliaRobotics\CoppeliaSimEdu\b0.lib : warning LNK4272: library machine type 'x64' conflicts with target machine type 'x86'
C:\Users\39380\source\repos\Pioneer3Robot_MappingAndPthPlanning\Debug\Pioneer3Robot_MappingAndPthPlanning.exe : fatal error LNK1120: 25 unresolved externals
