b0RemoteApi.obj : error LNK2001: unresolved external symbol __imp__b0_node_cleanup
b0RemoteApi.obj : error LNK2001: unresolved external symbol __imp__b0_service_client_call
b0RemoteApi.obj : error LNK2001: unresolved external symbol __imp__b0_subscriber_poll
b0RemoteApi.obj : error LNK2001: unresolved external symbol __imp__b0_publisher_delete
b0RemoteApi.obj : error LNK2001: unresolved external symbol __imp__b0_subscriber_new
b0RemoteApi.obj : error LNK2001: unresolved external symbol __imp__b0_node_delete
b0RemoteApi.obj : error LNK2001: unresolved external symbol __imp__b0_publisher_init
b0RemoteApi.obj : error LNK2001: unresolved external symbol __imp__b0_subscriber_cleanup
b0RemoteApi.obj : error LNK2001: unresolved external symbol __imp__b0_service_client_delete
b0RemoteApi.obj : error LNK2001: unresolved external symbol __imp__b0_service_client_set_option
b0RemoteApi.obj : error LNK2001: unresolved external symbol __imp__b0_node_new
b0RemoteApi.obj : error LNK2001: unresolved external symbol __imp__b0_node_hardware_time_usec
b0RemoteApi.obj : error LNK2001: unresolved external symbol __imp__b0_subscriber_delete
b0RemoteApi.obj : error LNK2001: unresolved external symbol __imp__b0_publisher_new
b0RemoteApi.obj : error LNK2001: unresolved external symbol __imp__b0_buffer_delete
b0RemoteApi.obj : error LNK2001: unresolved external symbol __imp__b0_service_client_new
b0RemoteApi.obj : error LNK2001: unresolved external symbol __imp__b0_subscriber_set_option
b0RemoteApi.obj : error LNK2001: unresolved external symbol __imp__b0_init
b0RemoteApi.obj : error LNK2001: unresolved external symbol __imp__b0_publisher_new_ex
b0RemoteApi.obj : error LNK2001: unresolved external symbol __imp__b0_node_init
b0RemoteApi.obj : error LNK2001: unresolved external symbol __imp__b0_subscriber_new_ex
b0RemoteApi.obj : error LNK2001: unresolved external symbol __imp__b0_subscriber_init
b0RemoteApi.obj : error LNK2001: unresolved external symbol __imp__b0_publisher_publish
b0RemoteApi.obj : error LNK2001: unresolved external symbol __imp__b0_subscriber_read
b0RemoteApi.obj : error LNK2001: unresolved external symbol __imp__b0_publisher_cleanup
C:\Users\39380\source\repos\Pioneer3Robot_MappingAndPthPlanning\Release\Pioneer3Robot_MappingAndPthPlanning.exe : fatal error LNK1120: 25 unresolved externals
